Determining if the pthread_create exist failed with the following output:
Change Dir: /home/dguco/workspace/cpp/stagefuture/cmake-build-debug/CMakeFiles/CMakeTmp

Run Build Command:"/usr/bin/make" "cmTC_d5dea/fast"
/usr/bin/make -f CMakeFiles/cmTC_d5dea.dir/build.make CMakeFiles/cmTC_d5dea.dir/build
make[1]: Entering directory `/home/dguco/workspace/cpp/stagefuture/cmake-build-debug/CMakeFiles/CMakeTmp'
Building C object CMakeFiles/cmTC_d5dea.dir/CheckSymbolExists.c.o
/usr/bin/cc    -o CMakeFiles/cmTC_d5dea.dir/CheckSymbolExists.c.o   -c /home/dguco/workspace/cpp/stagefuture/cmake-build-debug/CMakeFiles/CMakeTmp/CheckSymbolExists.c
Linking C executable cmTC_d5dea
/home/dguco/Downloads/clion-2018.3.3/bin/cmake/linux/bin/cmake -E cmake_link_script CMakeFiles/cmTC_d5dea.dir/link.txt --verbose=1
/usr/bin/cc      -rdynamic CMakeFiles/cmTC_d5dea.dir/CheckSymbolExists.c.o  -o cmTC_d5dea 
CMakeFiles/cmTC_d5dea.dir/CheckSymbolExists.c.o: In function `main':
CheckSymbolExists.c:(.text+0x16): undefined reference to `pthread_create'
collect2: error: ld returned 1 exit status
make[1]: *** [cmTC_d5dea] Error 1
make[1]: Leaving directory `/home/dguco/workspace/cpp/stagefuture/cmake-build-debug/CMakeFiles/CMakeTmp'
make: *** [cmTC_d5dea/fast] Error 2

File /home/dguco/workspace/cpp/stagefuture/cmake-build-debug/CMakeFiles/CMakeTmp/CheckSymbolExists.c:
/* */
#include <pthread.h>

int main(int argc, char** argv)
{
  (void)argv;
#ifndef pthread_create
  return ((int*)(&pthread_create))[argc];
#else
  (void)argc;
  return 0;
#endif
}

